2014-02-26 11:27:07,925 - Log4JLogChute initialized using file 'velocity.log'
2014-02-26 11:27:07,925 - Starting Apache Velocity v1.5 (compiled: 2007-02-22 08:52:29)
2014-02-26 11:27:07,925 - Default Properties File: org/apache/velocity/runtime/defaults/velocity.properties
2014-02-26 11:27:07,925 - Trying to use logger class org.apache.velocity.runtime.log.AvalonLogChute
2014-02-26 11:27:07,926 - Couldn't find class org.apache.velocity.runtime.log.AvalonLogChute or necessary supporting classes in classpath.
java.lang.NoClassDefFoundError: org/apache/log/format/Formatter
	at java.lang.Class.forName0(Native Method)
	at java.lang.Class.forName(Class.java:270)
	at org.apache.velocity.util.ClassUtils.getClass(ClassUtils.java:63)
	at org.apache.velocity.util.ClassUtils.getNewInstance(ClassUtils.java:95)
	at org.apache.velocity.runtime.log.LogManager.createLogChute(LogManager.java:147)
	at org.apache.velocity.runtime.log.LogManager.updateLog(LogManager.java:208)
	at org.apache.velocity.runtime.RuntimeInstance.initializeLog(RuntimeInstance.java:728)
	at org.apache.velocity.runtime.RuntimeInstance.init(RuntimeInstance.java:240)
	at org.apache.velocity.runtime.RuntimeInstance.init(RuntimeInstance.java:534)
	at org.apache.velocity.runtime.RuntimeSingleton.init(RuntimeSingleton.java:227)
	at org.apache.velocity.app.Velocity.init(Velocity.java:111)
	at com.kony.tool.templateprovider.VelocityTemplateProvider.<clinit>(VelocityTemplateProvider.java:53)
	at com.pat.tool.keditor.KEditorPlugin.init(KEditorPlugin.java:620)
	at com.pat.tool.keditor.KEditorPlugin.start(KEditorPlugin.java:583)
	at org.eclipse.osgi.framework.internal.core.BundleContextImpl$1.run(BundleContextImpl.java:711)
	at java.security.AccessController.doPrivileged(Native Method)
	at org.eclipse.osgi.framework.internal.core.BundleContextImpl.startActivator(BundleContextImpl.java:702)
	at org.eclipse.osgi.framework.internal.core.BundleContextImpl.start(BundleContextImpl.java:683)
	at org.eclipse.osgi.framework.internal.core.BundleHost.startWorker(BundleHost.java:381)
	at org.eclipse.osgi.framework.internal.core.AbstractBundle.start(AbstractBundle.java:300)
	at org.eclipse.osgi.framework.util.SecureAction.start(SecureAction.java:440)
	at org.eclipse.osgi.internal.loader.BundleLoader.setLazyTrigger(BundleLoader.java:263)
	at org.eclipse.core.runtime.internal.adaptor.EclipseLazyStarter.postFindLocalClass(EclipseLazyStarter.java:107)
	at org.eclipse.osgi.baseadaptor.loader.ClasspathManager.findLocalClass(ClasspathManager.java:469)
	at org.eclipse.osgi.internal.baseadaptor.DefaultClassLoader.findLocalClass(DefaultClassLoader.java:216)
	at org.eclipse.osgi.internal.loader.BundleLoader.findLocalClass(BundleLoader.java:395)
	at org.eclipse.osgi.internal.loader.BundleLoader.findClassInternal(BundleLoader.java:464)
	at org.eclipse.osgi.internal.loader.BundleLoader.findClass(BundleLoader.java:421)
	at org.eclipse.osgi.internal.loader.BundleLoader.findClass(BundleLoader.java:412)
	at org.eclipse.osgi.internal.baseadaptor.DefaultClassLoader.loadClass(DefaultClassLoader.java:107)
	at java.lang.ClassLoader.loadClass(ClassLoader.java:358)
	at org.eclipse.osgi.internal.loader.BundleLoader.loadClass(BundleLoader.java:340)
	at org.eclipse.osgi.framework.internal.core.BundleHost.loadClass(BundleHost.java:229)
	at org.eclipse.osgi.framework.internal.core.AbstractBundle.loadClass(AbstractBundle.java:1212)
	at org.eclipse.core.internal.registry.osgi.RegistryStrategyOSGI.createExecutableExtension(RegistryStrategyOSGI.java:174)
	at org.eclipse.core.internal.registry.ExtensionRegistry.createExecutableExtension(ExtensionRegistry.java:905)
	at org.eclipse.core.internal.registry.ConfigurationElement.createExecutableExtension(ConfigurationElement.java:243)
	at org.eclipse.core.internal.registry.ConfigurationElementHandle.createExecutableExtension(ConfigurationElementHandle.java:55)
	at org.eclipse.equinox.internal.app.EclipseAppHandle.run(EclipseAppHandle.java:191)
	at org.eclipse.core.runtime.internal.adaptor.EclipseAppLauncher.runApplication(EclipseAppLauncher.java:110)
	at org.eclipse.core.runtime.internal.adaptor.EclipseAppLauncher.start(EclipseAppLauncher.java:79)
	at org.eclipse.core.runtime.adaptor.EclipseStarter.run(EclipseStarter.java:353)
	at org.eclipse.core.runtime.adaptor.EclipseStarter.run(EclipseStarter.java:180)
	at sun.reflect.NativeMethodAccessorImpl.invoke0(Native Method)
	at sun.reflect.NativeMethodAccessorImpl.invoke(NativeMethodAccessorImpl.java:57)
	at sun.reflect.DelegatingMethodAccessorImpl.invoke(DelegatingMethodAccessorImpl.java:43)
	at java.lang.reflect.Method.invoke(Method.java:606)
	at org.eclipse.equinox.launcher.Main.invokeFramework(Main.java:629)
	at org.eclipse.equinox.launcher.Main.basicRun(Main.java:584)
	at org.eclipse.equinox.launcher.Main.run(Main.java:1438)
	at org.eclipse.equinox.launcher.Main.main(Main.java:1414)
	at org.eclipse.core.launcher.Main.main(Main.java:34)
Caused by: java.lang.ClassNotFoundException: org.apache.log.format.Formatter
	at org.eclipse.osgi.internal.loader.BundleLoader.findClassInternal(BundleLoader.java:501)
	at org.eclipse.osgi.internal.loader.BundleLoader.findClass(BundleLoader.java:421)
	at org.eclipse.osgi.internal.loader.BundleLoader.findClass(BundleLoader.java:412)
	at org.eclipse.osgi.internal.baseadaptor.DefaultClassLoader.loadClass(DefaultClassLoader.java:107)
	at java.lang.ClassLoader.loadClass(ClassLoader.java:358)
	... 52 more
2014-02-26 11:27:07,927 - Trying to use logger class org.apache.velocity.runtime.log.Log4JLogChute
2014-02-26 11:27:07,927 - Using logger class org.apache.velocity.runtime.log.Log4JLogChute
2014-02-26 11:27:07,929 - Default ResourceManager initializing. (class org.apache.velocity.runtime.resource.ResourceManagerImpl)
2014-02-26 11:27:07,930 - ResourceLoader instantiated: org.apache.velocity.runtime.resource.loader.ClasspathResourceLoader
2014-02-26 11:27:07,941 - ResourceCache: initialized (class org.apache.velocity.runtime.resource.ResourceCacheImpl)
2014-02-26 11:27:07,942 - Loaded System Directive: org.apache.velocity.runtime.directive.Literal
2014-02-26 11:27:07,943 - Loaded System Directive: org.apache.velocity.runtime.directive.Macro
2014-02-26 11:27:07,944 - Loaded System Directive: org.apache.velocity.runtime.directive.Parse
2014-02-26 11:27:07,945 - Loaded System Directive: org.apache.velocity.runtime.directive.Include
2014-02-26 11:27:07,946 - Loaded System Directive: org.apache.velocity.runtime.directive.Foreach
2014-02-26 11:27:07,970 - Created '20' parsers.
2014-02-26 11:27:07,973 - Velocimacro : "velocimacro.library" is not set.  Trying default library: VM_global_library.vm
2014-02-26 11:27:08,010 - Velocimacro : Default library not found.
2014-02-26 11:27:08,010 - Velocimacro : allowInline = true : VMs can be defined inline in templates
2014-02-26 11:27:08,010 - Velocimacro : allowInlineToOverride = false : VMs defined inline may NOT replace previous VM definitions
2014-02-26 11:27:08,010 - Velocimacro : allowInlineLocal = false : VMs defined inline will be global in scope if allowed.
2014-02-26 11:27:08,011 - Velocimacro : autoload off : VM system will not automatically reload global library macros
2014-02-26 11:30:52,583 - Log4JLogChute initialized using file 'velocity.log'
2014-02-26 11:30:52,584 - Starting Apache Velocity v1.5 (compiled: 2007-02-22 08:52:29)
2014-02-26 11:30:52,584 - Default Properties File: org/apache/velocity/runtime/defaults/velocity.properties
2014-02-26 11:30:52,584 - Trying to use logger class org.apache.velocity.runtime.log.AvalonLogChute
2014-02-26 11:30:52,584 - Couldn't find class org.apache.velocity.runtime.log.AvalonLogChute or necessary supporting classes in classpath.
java.lang.NoClassDefFoundError: org/apache/log/format/Formatter
	at java.lang.Class.forName0(Native Method)
	at java.lang.Class.forName(Class.java:270)
	at org.apache.velocity.util.ClassUtils.getClass(ClassUtils.java:63)
	at org.apache.velocity.util.ClassUtils.getNewInstance(ClassUtils.java:95)
	at org.apache.velocity.runtime.log.LogManager.createLogChute(LogManager.java:147)
	at org.apache.velocity.runtime.log.LogManager.updateLog(LogManager.java:208)
	at org.apache.velocity.runtime.RuntimeInstance.initializeLog(RuntimeInstance.java:728)
	at org.apache.velocity.runtime.RuntimeInstance.init(RuntimeInstance.java:240)
	at org.apache.velocity.runtime.RuntimeInstance.init(RuntimeInstance.java:534)
	at org.apache.velocity.runtime.RuntimeSingleton.init(RuntimeSingleton.java:227)
	at org.apache.velocity.app.Velocity.init(Velocity.java:111)
	at com.kony.tool.templateprovider.VelocityTemplateProvider.<clinit>(VelocityTemplateProvider.java:53)
	at com.pat.tool.keditor.KEditorPlugin.init(KEditorPlugin.java:620)
	at com.pat.tool.keditor.KEditorPlugin.start(KEditorPlugin.java:583)
	at org.eclipse.osgi.framework.internal.core.BundleContextImpl$1.run(BundleContextImpl.java:711)
	at java.security.AccessController.doPrivileged(Native Method)
	at org.eclipse.osgi.framework.internal.core.BundleContextImpl.startActivator(BundleContextImpl.java:702)
	at org.eclipse.osgi.framework.internal.core.BundleContextImpl.start(BundleContextImpl.java:683)
	at org.eclipse.osgi.framework.internal.core.BundleHost.startWorker(BundleHost.java:381)
	at org.eclipse.osgi.framework.internal.core.AbstractBundle.start(AbstractBundle.java:300)
	at org.eclipse.osgi.framework.util.SecureAction.start(SecureAction.java:440)
	at org.eclipse.osgi.internal.loader.BundleLoader.setLazyTrigger(BundleLoader.java:263)
	at org.eclipse.core.runtime.internal.adaptor.EclipseLazyStarter.postFindLocalClass(EclipseLazyStarter.java:107)
	at org.eclipse.osgi.baseadaptor.loader.ClasspathManager.findLocalClass(ClasspathManager.java:469)
	at org.eclipse.osgi.internal.baseadaptor.DefaultClassLoader.findLocalClass(DefaultClassLoader.java:216)
	at org.eclipse.osgi.internal.loader.BundleLoader.findLocalClass(BundleLoader.java:395)
	at org.eclipse.osgi.internal.loader.BundleLoader.findClassInternal(BundleLoader.java:464)
	at org.eclipse.osgi.internal.loader.BundleLoader.findClass(BundleLoader.java:421)
	at org.eclipse.osgi.internal.loader.BundleLoader.findClass(BundleLoader.java:412)
	at org.eclipse.osgi.internal.baseadaptor.DefaultClassLoader.loadClass(DefaultClassLoader.java:107)
	at java.lang.ClassLoader.loadClass(ClassLoader.java:358)
	at org.eclipse.osgi.internal.loader.BundleLoader.loadClass(BundleLoader.java:340)
	at org.eclipse.osgi.framework.internal.core.BundleHost.loadClass(BundleHost.java:229)
	at org.eclipse.osgi.framework.internal.core.AbstractBundle.loadClass(AbstractBundle.java:1212)
	at org.eclipse.core.internal.registry.osgi.RegistryStrategyOSGI.createExecutableExtension(RegistryStrategyOSGI.java:174)
	at org.eclipse.core.internal.registry.ExtensionRegistry.createExecutableExtension(ExtensionRegistry.java:905)
	at org.eclipse.core.internal.registry.ConfigurationElement.createExecutableExtension(ConfigurationElement.java:243)
	at org.eclipse.core.internal.registry.ConfigurationElementHandle.createExecutableExtension(ConfigurationElementHandle.java:55)
	at org.eclipse.equinox.internal.app.EclipseAppHandle.run(EclipseAppHandle.java:191)
	at org.eclipse.core.runtime.internal.adaptor.EclipseAppLauncher.runApplication(EclipseAppLauncher.java:110)
	at org.eclipse.core.runtime.internal.adaptor.EclipseAppLauncher.start(EclipseAppLauncher.java:79)
	at org.eclipse.core.runtime.adaptor.EclipseStarter.run(EclipseStarter.java:353)
	at org.eclipse.core.runtime.adaptor.EclipseStarter.run(EclipseStarter.java:180)
	at sun.reflect.NativeMethodAccessorImpl.invoke0(Native Method)
	at sun.reflect.NativeMethodAccessorImpl.invoke(NativeMethodAccessorImpl.java:57)
	at sun.reflect.DelegatingMethodAccessorImpl.invoke(DelegatingMethodAccessorImpl.java:43)
	at java.lang.reflect.Method.invoke(Method.java:606)
	at org.eclipse.equinox.launcher.Main.invokeFramework(Main.java:629)
	at org.eclipse.equinox.launcher.Main.basicRun(Main.java:584)
	at org.eclipse.equinox.launcher.Main.run(Main.java:1438)
	at org.eclipse.equinox.launcher.Main.main(Main.java:1414)
	at org.eclipse.core.launcher.Main.main(Main.java:34)
Caused by: java.lang.ClassNotFoundException: org.apache.log.format.Formatter
	at org.eclipse.osgi.internal.loader.BundleLoader.findClassInternal(BundleLoader.java:501)
	at org.eclipse.osgi.internal.loader.BundleLoader.findClass(BundleLoader.java:421)
	at org.eclipse.osgi.internal.loader.BundleLoader.findClass(BundleLoader.java:412)
	at org.eclipse.osgi.internal.baseadaptor.DefaultClassLoader.loadClass(DefaultClassLoader.java:107)
	at java.lang.ClassLoader.loadClass(ClassLoader.java:358)
	... 52 more
2014-02-26 11:30:52,587 - Trying to use logger class org.apache.velocity.runtime.log.Log4JLogChute
2014-02-26 11:30:52,587 - Using logger class org.apache.velocity.runtime.log.Log4JLogChute
2014-02-26 11:30:52,589 - Default ResourceManager initializing. (class org.apache.velocity.runtime.resource.ResourceManagerImpl)
2014-02-26 11:30:52,590 - ResourceLoader instantiated: org.apache.velocity.runtime.resource.loader.ClasspathResourceLoader
2014-02-26 11:30:52,603 - ResourceCache: initialized (class org.apache.velocity.runtime.resource.ResourceCacheImpl)
2014-02-26 11:30:52,604 - Loaded System Directive: org.apache.velocity.runtime.directive.Literal
2014-02-26 11:30:52,605 - Loaded System Directive: org.apache.velocity.runtime.directive.Macro
2014-02-26 11:30:52,606 - Loaded System Directive: org.apache.velocity.runtime.directive.Parse
2014-02-26 11:30:52,608 - Loaded System Directive: org.apache.velocity.runtime.directive.Include
2014-02-26 11:30:52,609 - Loaded System Directive: org.apache.velocity.runtime.directive.Foreach
2014-02-26 11:30:52,631 - Created '20' parsers.
2014-02-26 11:30:52,635 - Velocimacro : "velocimacro.library" is not set.  Trying default library: VM_global_library.vm
2014-02-26 11:30:52,668 - Velocimacro : Default library not found.
2014-02-26 11:30:52,668 - Velocimacro : allowInline = true : VMs can be defined inline in templates
2014-02-26 11:30:52,668 - Velocimacro : allowInlineToOverride = false : VMs defined inline may NOT replace previous VM definitions
2014-02-26 11:30:52,668 - Velocimacro : allowInlineLocal = false : VMs defined inline will be global in scope if allowed.
2014-02-26 11:30:52,668 - Velocimacro : autoload off : VM system will not automatically reload global library macros
2014-02-26 11:30:58,951 - ResourceManager : found tpjsmiddlewareerror.vm with loader org.apache.velocity.runtime.resource.loader.ClasspathResourceLoader
2014-02-26 11:30:58,952 - ResourceManager : found tpjssessionerror.vm with loader org.apache.velocity.runtime.resource.loader.ClasspathResourceLoader
2014-02-26 11:30:58,952 - ResourceManager : found tpjsapperror.vm with loader org.apache.velocity.runtime.resource.loader.ClasspathResourceLoader
2014-02-26 11:30:58,982 - ResourceManager : found tpjsmiddlewareinvoker.vm with loader org.apache.velocity.runtime.resource.loader.ClasspathResourceLoader
2014-02-26 11:30:58,985 - Left side ($palmpre) of '==' operation has null value. If a reference, it may not be in the context. Operation not possible. tpjsmiddlewareinvoker.vm [line 93, column 20]
2014-02-26 11:30:58,985 - Left side ($palmpre) of '==' operation has null value. If a reference, it may not be in the context. Operation not possible. tpjsmiddlewareinvoker.vm [line 172, column 20]
2014-02-26 11:30:58,985 - Left side ($palmpre) of '==' operation has null value. If a reference, it may not be in the context. Operation not possible. tpjsmiddlewareinvoker.vm [line 255, column 20]
2014-02-26 11:30:58,985 - Left side ($palmpre) of '==' operation has null value. If a reference, it may not be in the context. Operation not possible. tpjsmiddlewareinvoker.vm [line 326, column 20]
2014-02-26 11:30:58,985 - ResourceManager : found tpjscallfunc.vm with loader org.apache.velocity.runtime.resource.loader.ClasspathResourceLoader
2014-02-26 11:30:59,031 - ResourceManager : found tpjsstartup.vm with loader org.apache.velocity.runtime.resource.loader.ClasspathResourceLoader
2014-02-26 11:30:59,051 - ResourceManager : found tpjshybridstartupforspa.vm with loader org.apache.velocity.runtime.resource.loader.ClasspathResourceLoader
2014-02-26 11:30:59,061 - ResourceManager : found tpjswinmobilesequencecontainerglobals.vm with loader org.apache.velocity.runtime.resource.loader.ClasspathResourceLoader
2014-02-26 11:30:59,068 - ResourceManager : found tpjswinmobilesequence.vm with loader org.apache.velocity.runtime.resource.loader.ClasspathResourceLoader
2014-02-26 11:30:59,070 - ResourceManager : found tpjsappconfigfortc.vm with loader org.apache.velocity.runtime.resource.loader.ClasspathResourceLoader
2014-02-26 11:30:59,071 - ResourceManager : found customizederrorjsptemplate.vm with loader org.apache.velocity.runtime.resource.loader.ClasspathResourceLoader
2014-02-26 11:30:59,073 - ResourceManager : found tpspabasetemplateforjs.vm with loader org.apache.velocity.runtime.resource.loader.ClasspathResourceLoader
2014-02-26 11:30:59,074 - ResourceManager : found tpjsformglobalsforbb10.vm with loader org.apache.velocity.runtime.resource.loader.ClasspathResourceLoader
2014-02-26 11:30:59,104 - ResourceManager : found tpjsdefinetcplatforms.vm with loader org.apache.velocity.runtime.resource.loader.ClasspathResourceLoader
2014-02-26 11:30:59,110 - ResourceManager : found tpjsbegincontainer.vm with loader org.apache.velocity.runtime.resource.loader.ClasspathResourceLoader
2014-02-26 11:30:59,114 - ResourceManager : found tpjsprocessattrbs.vm with loader org.apache.velocity.runtime.resource.loader.ClasspathResourceLoader
2014-02-26 11:30:59,116 - ResourceManager : found tpjsattributes.vm with loader org.apache.velocity.runtime.resource.loader.ClasspathResourceLoader
2014-02-26 11:30:59,138 - ResourceManager : found tpjsgenericwidgettemplate.vm with loader org.apache.velocity.runtime.resource.loader.ClasspathResourceLoader
2014-02-26 11:30:59,140 - ResourceManager : found tpjsplatformwidgetheader.vm with loader org.apache.velocity.runtime.resource.loader.ClasspathResourceLoader
2014-02-26 11:30:59,141 - RHS of #set statement is null. Context will not be modified. tpjsplatformwidgetheader.vm [line 15, column 1]
2014-02-26 11:30:59,142 - Left side ($iscontextmenu) of '==' operation has null value. If a reference, it may not be in the context. Operation not possible. tpjsgenericwidgettemplate.vm [line 15, column 22]
2014-02-26 11:30:59,143 - ResourceManager : found tpjsbasicmasterform.vm with loader org.apache.velocity.runtime.resource.loader.ClasspathResourceLoader
2014-02-26 11:30:59,145 - ResourceManager : found tpjslayoutmasterform.vm with loader org.apache.velocity.runtime.resource.loader.ClasspathResourceLoader
2014-02-26 11:30:59,145 - ResourceManager : found tpjsplatformmasterform.vm with loader org.apache.velocity.runtime.resource.loader.ClasspathResourceLoader
2014-02-26 11:30:59,146 - ResourceManager : found tpjsplatformwidgetfooter.vm with loader org.apache.velocity.runtime.resource.loader.ClasspathResourceLoader
2014-02-26 11:30:59,165 - ResourceManager : found tpjsmenuitem.vm with loader org.apache.velocity.runtime.resource.loader.ClasspathResourceLoader
2014-02-26 11:30:59,165 - Left side ($override) of '==' operation has null value. If a reference, it may not be in the context. Operation not possible. tpjsmenuitem.vm [line 3, column 17]
2014-02-26 11:30:59,165 - RHS of #set statement is null. Context will not be modified. tpjsplatformwidgetheader.vm [line 2, column 1]
2014-02-26 11:30:59,165 - RHS of #set statement is null. Context will not be modified. tpjsplatformwidgetheader.vm [line 4, column 8]
2014-02-26 11:30:59,165 - Left side ($override) of '==' operation has null value. If a reference, it may not be in the context. Operation not possible. tpjsmenuitem.vm [line 3, column 17]
2014-02-26 11:30:59,165 - RHS of #set statement is null. Context will not be modified. tpjsplatformwidgetheader.vm [line 2, column 1]
2014-02-26 11:30:59,165 - RHS of #set statement is null. Context will not be modified. tpjsplatformwidgetheader.vm [line 4, column 8]
2014-02-26 11:30:59,166 - Left side ($override) of '==' operation has null value. If a reference, it may not be in the context. Operation not possible. tpjsmenuitem.vm [line 3, column 17]
2014-02-26 11:30:59,166 - RHS of #set statement is null. Context will not be modified. tpjsplatformwidgetheader.vm [line 2, column 1]
2014-02-26 11:30:59,166 - RHS of #set statement is null. Context will not be modified. tpjsplatformwidgetheader.vm [line 4, column 8]
2014-02-26 11:30:59,166 - Left side ($override) of '==' operation has null value. If a reference, it may not be in the context. Operation not possible. tpjsmenuitem.vm [line 3, column 17]
2014-02-26 11:30:59,166 - RHS of #set statement is null. Context will not be modified. tpjsplatformwidgetheader.vm [line 2, column 1]
2014-02-26 11:30:59,166 - RHS of #set statement is null. Context will not be modified. tpjsplatformwidgetheader.vm [line 4, column 8]
2014-02-26 11:30:59,166 - Left side ($override) of '==' operation has null value. If a reference, it may not be in the context. Operation not possible. tpjsmenuitem.vm [line 3, column 17]
2014-02-26 11:30:59,167 - RHS of #set statement is null. Context will not be modified. tpjsplatformwidgetheader.vm [line 2, column 1]
2014-02-26 11:30:59,167 - RHS of #set statement is null. Context will not be modified. tpjsplatformwidgetheader.vm [line 4, column 8]
2014-02-26 11:30:59,167 - Left side ($override) of '==' operation has null value. If a reference, it may not be in the context. Operation not possible. tpjsmenuitem.vm [line 3, column 17]
2014-02-26 11:30:59,167 - RHS of #set statement is null. Context will not be modified. tpjsplatformwidgetheader.vm [line 2, column 1]
2014-02-26 11:30:59,167 - RHS of #set statement is null. Context will not be modified. tpjsplatformwidgetheader.vm [line 4, column 8]
2014-02-26 11:30:59,167 - Left side ($override) of '==' operation has null value. If a reference, it may not be in the context. Operation not possible. tpjsmenuitem.vm [line 3, column 17]
2014-02-26 11:30:59,167 - RHS of #set statement is null. Context will not be modified. tpjsplatformwidgetheader.vm [line 2, column 1]
2014-02-26 11:30:59,167 - RHS of #set statement is null. Context will not be modified. tpjsplatformwidgetheader.vm [line 4, column 8]
2014-02-26 11:30:59,168 - Left side ($override) of '==' operation has null value. If a reference, it may not be in the context. Operation not possible. tpjsmenuitem.vm [line 3, column 17]
2014-02-26 11:30:59,168 - RHS of #set statement is null. Context will not be modified. tpjsplatformwidgetheader.vm [line 2, column 1]
2014-02-26 11:30:59,168 - RHS of #set statement is null. Context will not be modified. tpjsplatformwidgetheader.vm [line 4, column 8]
2014-02-26 11:30:59,174 - ResourceManager : found tpjsendcontainer.vm with loader org.apache.velocity.runtime.resource.loader.ClasspathResourceLoader
2014-02-26 11:30:59,176 - ResourceManager : found tpjsformaddfunctionheader.vm with loader org.apache.velocity.runtime.resource.loader.ClasspathResourceLoader
2014-02-26 11:30:59,179 - ResourceManager : found tpjsinvokeaddwidgetsofcontainers.vm with loader org.apache.velocity.runtime.resource.loader.ClasspathResourceLoader
2014-02-26 11:30:59,180 - ResourceManager : found tpjsformwidgetsadd.vm with loader org.apache.velocity.runtime.resource.loader.ClasspathResourceLoader
2014-02-26 11:30:59,181 - RHS of #set statement is null. Context will not be modified. tpjsplatformwidgetheader.vm [line 15, column 1]
2014-02-26 11:30:59,183 - RHS of #set statement is null. Context will not be modified. tpjsplatformwidgetheader.vm [line 15, column 1]
2014-02-26 11:30:59,184 - ResourceManager : found tpjsifdefend.vm with loader org.apache.velocity.runtime.resource.loader.ClasspathResourceLoader
2014-02-26 11:30:59,187 - ResourceManager : found tpjsrenderedoffformglobals.vm with loader org.apache.velocity.runtime.resource.loader.ClasspathResourceLoader
2014-02-26 11:30:59,785 - ResourceManager : found tpjsskinreferences.vm with loader org.apache.velocity.runtime.resource.loader.ClasspathResourceLoader
2014-02-26 11:30:59,788 - ResourceManager : found tpjsskinglobalsforbb10.vm with loader org.apache.velocity.runtime.resource.loader.ClasspathResourceLoader
2014-02-26 11:30:59,879 - ResourceManager : found tpjsonthemes.vm with loader org.apache.velocity.runtime.resource.loader.ClasspathResourceLoader
2014-02-26 12:11:03,356 - Log4JLogChute initialized using file 'velocity.log'
2014-02-26 12:11:03,373 - Starting Apache Velocity v1.5 (compiled: 2007-02-22 08:52:29)
2014-02-26 12:11:03,373 - Default Properties File: org/apache/velocity/runtime/defaults/velocity.properties
2014-02-26 12:11:03,373 - Trying to use logger class org.apache.velocity.runtime.log.AvalonLogChute
2014-02-26 12:11:03,374 - Couldn't find class org.apache.velocity.runtime.log.AvalonLogChute or necessary supporting classes in classpath.
java.lang.NoClassDefFoundError: org/apache/log/format/Formatter
	at java.lang.Class.forName0(Native Method)
	at java.lang.Class.forName(Class.java:270)
	at org.apache.velocity.util.ClassUtils.getClass(ClassUtils.java:63)
	at org.apache.velocity.util.ClassUtils.getNewInstance(ClassUtils.java:95)
	at org.apache.velocity.runtime.log.LogManager.createLogChute(LogManager.java:147)
	at org.apache.velocity.runtime.log.LogManager.updateLog(LogManager.java:208)
	at org.apache.velocity.runtime.RuntimeInstance.initializeLog(RuntimeInstance.java:728)
	at org.apache.velocity.runtime.RuntimeInstance.init(RuntimeInstance.java:240)
	at org.apache.velocity.runtime.RuntimeInstance.init(RuntimeInstance.java:534)
	at org.apache.velocity.runtime.RuntimeSingleton.init(RuntimeSingleton.java:227)
	at org.apache.velocity.app.Velocity.init(Velocity.java:111)
	at com.kony.tool.templateprovider.VelocityTemplateProvider.<clinit>(VelocityTemplateProvider.java:53)
	at com.pat.tool.keditor.KEditorPlugin.init(KEditorPlugin.java:620)
	at com.pat.tool.keditor.KEditorPlugin.start(KEditorPlugin.java:583)
	at org.eclipse.osgi.framework.internal.core.BundleContextImpl$1.run(BundleContextImpl.java:711)
	at java.security.AccessController.doPrivileged(Native Method)
	at org.eclipse.osgi.framework.internal.core.BundleContextImpl.startActivator(BundleContextImpl.java:702)
	at org.eclipse.osgi.framework.internal.core.BundleContextImpl.start(BundleContextImpl.java:683)
	at org.eclipse.osgi.framework.internal.core.BundleHost.startWorker(BundleHost.java:381)
	at org.eclipse.osgi.framework.internal.core.AbstractBundle.start(AbstractBundle.java:300)
	at org.eclipse.osgi.framework.util.SecureAction.start(SecureAction.java:440)
	at org.eclipse.osgi.internal.loader.BundleLoader.setLazyTrigger(BundleLoader.java:263)
	at org.eclipse.core.runtime.internal.adaptor.EclipseLazyStarter.postFindLocalClass(EclipseLazyStarter.java:107)
	at org.eclipse.osgi.baseadaptor.loader.ClasspathManager.findLocalClass(ClasspathManager.java:469)
	at org.eclipse.osgi.internal.baseadaptor.DefaultClassLoader.findLocalClass(DefaultClassLoader.java:216)
	at org.eclipse.osgi.internal.loader.BundleLoader.findLocalClass(BundleLoader.java:395)
	at org.eclipse.osgi.internal.loader.BundleLoader.findClassInternal(BundleLoader.java:464)
	at org.eclipse.osgi.internal.loader.BundleLoader.findClass(BundleLoader.java:421)
	at org.eclipse.osgi.internal.loader.BundleLoader.findClass(BundleLoader.java:412)
	at org.eclipse.osgi.internal.baseadaptor.DefaultClassLoader.loadClass(DefaultClassLoader.java:107)
	at java.lang.ClassLoader.loadClass(ClassLoader.java:358)
	at org.eclipse.osgi.internal.loader.BundleLoader.loadClass(BundleLoader.java:340)
	at org.eclipse.osgi.framework.internal.core.BundleHost.loadClass(BundleHost.java:229)
	at org.eclipse.osgi.framework.internal.core.AbstractBundle.loadClass(AbstractBundle.java:1212)
	at org.eclipse.core.internal.registry.osgi.RegistryStrategyOSGI.createExecutableExtension(RegistryStrategyOSGI.java:174)
	at org.eclipse.core.internal.registry.ExtensionRegistry.createExecutableExtension(ExtensionRegistry.java:905)
	at org.eclipse.core.internal.registry.ConfigurationElement.createExecutableExtension(ConfigurationElement.java:243)
	at org.eclipse.core.internal.registry.ConfigurationElementHandle.createExecutableExtension(ConfigurationElementHandle.java:55)
	at org.eclipse.equinox.internal.app.EclipseAppHandle.run(EclipseAppHandle.java:191)
	at org.eclipse.core.runtime.internal.adaptor.EclipseAppLauncher.runApplication(EclipseAppLauncher.java:110)
	at org.eclipse.core.runtime.internal.adaptor.EclipseAppLauncher.start(EclipseAppLauncher.java:79)
	at org.eclipse.core.runtime.adaptor.EclipseStarter.run(EclipseStarter.java:353)
	at org.eclipse.core.runtime.adaptor.EclipseStarter.run(EclipseStarter.java:180)
	at sun.reflect.NativeMethodAccessorImpl.invoke0(Native Method)
	at sun.reflect.NativeMethodAccessorImpl.invoke(NativeMethodAccessorImpl.java:57)
	at sun.reflect.DelegatingMethodAccessorImpl.invoke(DelegatingMethodAccessorImpl.java:43)
	at java.lang.reflect.Method.invoke(Method.java:606)
	at org.eclipse.equinox.launcher.Main.invokeFramework(Main.java:629)
	at org.eclipse.equinox.launcher.Main.basicRun(Main.java:584)
	at org.eclipse.equinox.launcher.Main.run(Main.java:1438)
	at org.eclipse.equinox.launcher.Main.main(Main.java:1414)
	at org.eclipse.core.launcher.Main.main(Main.java:34)
Caused by: java.lang.ClassNotFoundException: org.apache.log.format.Formatter
	at org.eclipse.osgi.internal.loader.BundleLoader.findClassInternal(BundleLoader.java:501)
	at org.eclipse.osgi.internal.loader.BundleLoader.findClass(BundleLoader.java:421)
	at org.eclipse.osgi.internal.loader.BundleLoader.findClass(BundleLoader.java:412)
	at org.eclipse.osgi.internal.baseadaptor.DefaultClassLoader.loadClass(DefaultClassLoader.java:107)
	at java.lang.ClassLoader.loadClass(ClassLoader.java:358)
	... 52 more
2014-02-26 12:11:03,376 - Trying to use logger class org.apache.velocity.runtime.log.Log4JLogChute
2014-02-26 12:11:03,376 - Using logger class org.apache.velocity.runtime.log.Log4JLogChute
2014-02-26 12:11:03,378 - Default ResourceManager initializing. (class org.apache.velocity.runtime.resource.ResourceManagerImpl)
2014-02-26 12:11:03,380 - ResourceLoader instantiated: org.apache.velocity.runtime.resource.loader.ClasspathResourceLoader
2014-02-26 12:11:03,405 - ResourceCache: initialized (class org.apache.velocity.runtime.resource.ResourceCacheImpl)
2014-02-26 12:11:03,405 - Loaded System Directive: org.apache.velocity.runtime.directive.Literal
2014-02-26 12:11:03,406 - Loaded System Directive: org.apache.velocity.runtime.directive.Macro
2014-02-26 12:11:03,407 - Loaded System Directive: org.apache.velocity.runtime.directive.Parse
2014-02-26 12:11:03,408 - Loaded System Directive: org.apache.velocity.runtime.directive.Include
2014-02-26 12:11:03,409 - Loaded System Directive: org.apache.velocity.runtime.directive.Foreach
2014-02-26 12:11:03,429 - Created '20' parsers.
2014-02-26 12:11:03,433 - Velocimacro : "velocimacro.library" is not set.  Trying default library: VM_global_library.vm
2014-02-26 12:11:03,467 - Velocimacro : Default library not found.
2014-02-26 12:11:03,467 - Velocimacro : allowInline = true : VMs can be defined inline in templates
2014-02-26 12:11:03,467 - Velocimacro : allowInlineToOverride = false : VMs defined inline may NOT replace previous VM definitions
2014-02-26 12:11:03,467 - Velocimacro : allowInlineLocal = false : VMs defined inline will be global in scope if allowed.
2014-02-26 12:11:03,467 - Velocimacro : autoload off : VM system will not automatically reload global library macros
2014-02-26 12:11:11,343 - ResourceManager : found tpjsmiddlewareerror.vm with loader org.apache.velocity.runtime.resource.loader.ClasspathResourceLoader
2014-02-26 12:11:11,344 - ResourceManager : found tpjssessionerror.vm with loader org.apache.velocity.runtime.resource.loader.ClasspathResourceLoader
2014-02-26 12:11:11,345 - ResourceManager : found tpjsapperror.vm with loader org.apache.velocity.runtime.resource.loader.ClasspathResourceLoader
2014-02-26 12:11:11,372 - ResourceManager : found tpjsmiddlewareinvoker.vm with loader org.apache.velocity.runtime.resource.loader.ClasspathResourceLoader
2014-02-26 12:11:11,375 - Left side ($palmpre) of '==' operation has null value. If a reference, it may not be in the context. Operation not possible. tpjsmiddlewareinvoker.vm [line 93, column 20]
2014-02-26 12:11:11,375 - Left side ($palmpre) of '==' operation has null value. If a reference, it may not be in the context. Operation not possible. tpjsmiddlewareinvoker.vm [line 172, column 20]
2014-02-26 12:11:11,375 - Left side ($palmpre) of '==' operation has null value. If a reference, it may not be in the context. Operation not possible. tpjsmiddlewareinvoker.vm [line 255, column 20]
2014-02-26 12:11:11,375 - Left side ($palmpre) of '==' operation has null value. If a reference, it may not be in the context. Operation not possible. tpjsmiddlewareinvoker.vm [line 326, column 20]
2014-02-26 12:11:11,376 - ResourceManager : found tpjscallfunc.vm with loader org.apache.velocity.runtime.resource.loader.ClasspathResourceLoader
2014-02-26 12:11:11,418 - ResourceManager : found tpjsstartup.vm with loader org.apache.velocity.runtime.resource.loader.ClasspathResourceLoader
2014-02-26 12:11:11,436 - ResourceManager : found tpjshybridstartupforspa.vm with loader org.apache.velocity.runtime.resource.loader.ClasspathResourceLoader
2014-02-26 12:11:11,462 - ResourceManager : found tpjswinmobilesequencecontainerglobals.vm with loader org.apache.velocity.runtime.resource.loader.ClasspathResourceLoader
2014-02-26 12:11:11,469 - ResourceManager : found tpjswinmobilesequence.vm with loader org.apache.velocity.runtime.resource.loader.ClasspathResourceLoader
2014-02-26 12:11:11,472 - ResourceManager : found tpjsappconfigfortc.vm with loader org.apache.velocity.runtime.resource.loader.ClasspathResourceLoader
2014-02-26 12:11:11,473 - ResourceManager : found customizederrorjsptemplate.vm with loader org.apache.velocity.runtime.resource.loader.ClasspathResourceLoader
2014-02-26 12:11:11,493 - ResourceManager : found tpspabasetemplateforjs.vm with loader org.apache.velocity.runtime.resource.loader.ClasspathResourceLoader
2014-02-26 12:11:11,495 - ResourceManager : found tpjsformglobalsforbb10.vm with loader org.apache.velocity.runtime.resource.loader.ClasspathResourceLoader
2014-02-26 12:11:11,555 - ResourceManager : found tpjsdefinetcplatforms.vm with loader org.apache.velocity.runtime.resource.loader.ClasspathResourceLoader
2014-02-26 12:11:11,560 - ResourceManager : found tpjsbegincontainer.vm with loader org.apache.velocity.runtime.resource.loader.ClasspathResourceLoader
2014-02-26 12:11:11,565 - ResourceManager : found tpjsprocessattrbs.vm with loader org.apache.velocity.runtime.resource.loader.ClasspathResourceLoader
2014-02-26 12:11:11,568 - ResourceManager : found tpjsattributes.vm with loader org.apache.velocity.runtime.resource.loader.ClasspathResourceLoader
2014-02-26 12:11:11,583 - ResourceManager : found tpjsgenericwidgettemplate.vm with loader org.apache.velocity.runtime.resource.loader.ClasspathResourceLoader
2014-02-26 12:11:11,586 - ResourceManager : found tpjsplatformwidgetheader.vm with loader org.apache.velocity.runtime.resource.loader.ClasspathResourceLoader
2014-02-26 12:11:11,588 - RHS of #set statement is null. Context will not be modified. tpjsplatformwidgetheader.vm [line 15, column 1]
2014-02-26 12:11:11,588 - Left side ($iscontextmenu) of '==' operation has null value. If a reference, it may not be in the context. Operation not possible. tpjsgenericwidgettemplate.vm [line 15, column 22]
2014-02-26 12:11:11,589 - ResourceManager : found tpjsbasicmasterform.vm with loader org.apache.velocity.runtime.resource.loader.ClasspathResourceLoader
2014-02-26 12:11:11,590 - ResourceManager : found tpjslayoutmasterform.vm with loader org.apache.velocity.runtime.resource.loader.ClasspathResourceLoader
2014-02-26 12:11:11,591 - ResourceManager : found tpjsplatformmasterform.vm with loader org.apache.velocity.runtime.resource.loader.ClasspathResourceLoader
2014-02-26 12:11:11,592 - ResourceManager : found tpjsplatformwidgetfooter.vm with loader org.apache.velocity.runtime.resource.loader.ClasspathResourceLoader
2014-02-26 12:11:11,611 - ResourceManager : found tpjsmenuitem.vm with loader org.apache.velocity.runtime.resource.loader.ClasspathResourceLoader
2014-02-26 12:11:11,611 - Left side ($override) of '==' operation has null value. If a reference, it may not be in the context. Operation not possible. tpjsmenuitem.vm [line 3, column 17]
2014-02-26 12:11:11,611 - RHS of #set statement is null. Context will not be modified. tpjsplatformwidgetheader.vm [line 2, column 1]
2014-02-26 12:11:11,611 - RHS of #set statement is null. Context will not be modified. tpjsplatformwidgetheader.vm [line 4, column 8]
2014-02-26 12:11:11,611 - Left side ($override) of '==' operation has null value. If a reference, it may not be in the context. Operation not possible. tpjsmenuitem.vm [line 3, column 17]
2014-02-26 12:11:11,611 - RHS of #set statement is null. Context will not be modified. tpjsplatformwidgetheader.vm [line 2, column 1]
2014-02-26 12:11:11,612 - RHS of #set statement is null. Context will not be modified. tpjsplatformwidgetheader.vm [line 4, column 8]
2014-02-26 12:11:11,612 - Left side ($override) of '==' operation has null value. If a reference, it may not be in the context. Operation not possible. tpjsmenuitem.vm [line 3, column 17]
2014-02-26 12:11:11,612 - RHS of #set statement is null. Context will not be modified. tpjsplatformwidgetheader.vm [line 2, column 1]
2014-02-26 12:11:11,612 - RHS of #set statement is null. Context will not be modified. tpjsplatformwidgetheader.vm [line 4, column 8]
2014-02-26 12:11:11,612 - Left side ($override) of '==' operation has null value. If a reference, it may not be in the context. Operation not possible. tpjsmenuitem.vm [line 3, column 17]
2014-02-26 12:11:11,612 - RHS of #set statement is null. Context will not be modified. tpjsplatformwidgetheader.vm [line 2, column 1]
2014-02-26 12:11:11,612 - RHS of #set statement is null. Context will not be modified. tpjsplatformwidgetheader.vm [line 4, column 8]
2014-02-26 12:11:11,612 - Left side ($override) of '==' operation has null value. If a reference, it may not be in the context. Operation not possible. tpjsmenuitem.vm [line 3, column 17]
2014-02-26 12:11:11,612 - RHS of #set statement is null. Context will not be modified. tpjsplatformwidgetheader.vm [line 2, column 1]
2014-02-26 12:11:11,612 - RHS of #set statement is null. Context will not be modified. tpjsplatformwidgetheader.vm [line 4, column 8]
2014-02-26 12:11:11,612 - Left side ($override) of '==' operation has null value. If a reference, it may not be in the context. Operation not possible. tpjsmenuitem.vm [line 3, column 17]
2014-02-26 12:11:11,612 - RHS of #set statement is null. Context will not be modified. tpjsplatformwidgetheader.vm [line 2, column 1]
2014-02-26 12:11:11,613 - RHS of #set statement is null. Context will not be modified. tpjsplatformwidgetheader.vm [line 4, column 8]
2014-02-26 12:11:11,613 - Left side ($override) of '==' operation has null value. If a reference, it may not be in the context. Operation not possible. tpjsmenuitem.vm [line 3, column 17]
2014-02-26 12:11:11,613 - RHS of #set statement is null. Context will not be modified. tpjsplatformwidgetheader.vm [line 2, column 1]
2014-02-26 12:11:11,613 - RHS of #set statement is null. Context will not be modified. tpjsplatformwidgetheader.vm [line 4, column 8]
2014-02-26 12:11:11,613 - Left side ($override) of '==' operation has null value. If a reference, it may not be in the context. Operation not possible. tpjsmenuitem.vm [line 3, column 17]
2014-02-26 12:11:11,613 - RHS of #set statement is null. Context will not be modified. tpjsplatformwidgetheader.vm [line 2, column 1]
2014-02-26 12:11:11,613 - RHS of #set statement is null. Context will not be modified. tpjsplatformwidgetheader.vm [line 4, column 8]
2014-02-26 12:11:11,617 - ResourceManager : found tpjsendcontainer.vm with loader org.apache.velocity.runtime.resource.loader.ClasspathResourceLoader
2014-02-26 12:11:11,618 - ResourceManager : found tpjsformaddfunctionheader.vm with loader org.apache.velocity.runtime.resource.loader.ClasspathResourceLoader
2014-02-26 12:11:11,621 - ResourceManager : found tpjsinvokeaddwidgetsofcontainers.vm with loader org.apache.velocity.runtime.resource.loader.ClasspathResourceLoader
2014-02-26 12:11:11,622 - ResourceManager : found tpjsformwidgetsadd.vm with loader org.apache.velocity.runtime.resource.loader.ClasspathResourceLoader
2014-02-26 12:11:11,622 - RHS of #set statement is null. Context will not be modified. tpjsplatformwidgetheader.vm [line 15, column 1]
2014-02-26 12:11:11,623 - RHS of #set statement is null. Context will not be modified. tpjsplatformwidgetheader.vm [line 15, column 1]
2014-02-26 12:11:11,623 - ResourceManager : found tpjsifdefend.vm with loader org.apache.velocity.runtime.resource.loader.ClasspathResourceLoader
2014-02-26 12:11:11,625 - ResourceManager : found tpjsrenderedoffformglobals.vm with loader org.apache.velocity.runtime.resource.loader.ClasspathResourceLoader
2014-02-26 12:11:12,209 - ResourceManager : found tpjsskinreferences.vm with loader org.apache.velocity.runtime.resource.loader.ClasspathResourceLoader
2014-02-26 12:11:12,212 - ResourceManager : found tpjsskinglobalsforbb10.vm with loader org.apache.velocity.runtime.resource.loader.ClasspathResourceLoader
2014-02-26 12:11:12,300 - ResourceManager : found tpjsonthemes.vm with loader org.apache.velocity.runtime.resource.loader.ClasspathResourceLoader
2014-02-26 16:56:18,043 - Log4JLogChute initialized using file 'velocity.log'
2014-02-26 16:56:18,051 - Starting Apache Velocity v1.5 (compiled: 2007-02-22 08:52:29)
2014-02-26 16:56:18,051 - Default Properties File: org/apache/velocity/runtime/defaults/velocity.properties
2014-02-26 16:56:18,051 - Trying to use logger class org.apache.velocity.runtime.log.AvalonLogChute
2014-02-26 16:56:18,052 - Couldn't find class org.apache.velocity.runtime.log.AvalonLogChute or necessary supporting classes in classpath.
java.lang.NoClassDefFoundError: org/apache/log/format/Formatter
	at java.lang.Class.forName0(Native Method)
	at java.lang.Class.forName(Class.java:270)
	at org.apache.velocity.util.ClassUtils.getClass(ClassUtils.java:63)
	at org.apache.velocity.util.ClassUtils.getNewInstance(ClassUtils.java:95)
	at org.apache.velocity.runtime.log.LogManager.createLogChute(LogManager.java:147)
	at org.apache.velocity.runtime.log.LogManager.updateLog(LogManager.java:208)
	at org.apache.velocity.runtime.RuntimeInstance.initializeLog(RuntimeInstance.java:728)
	at org.apache.velocity.runtime.RuntimeInstance.init(RuntimeInstance.java:240)
	at org.apache.velocity.runtime.RuntimeInstance.init(RuntimeInstance.java:534)
	at org.apache.velocity.runtime.RuntimeSingleton.init(RuntimeSingleton.java:227)
	at org.apache.velocity.app.Velocity.init(Velocity.java:111)
	at com.kony.tool.templateprovider.VelocityTemplateProvider.<clinit>(VelocityTemplateProvider.java:53)
	at com.pat.tool.keditor.KEditorPlugin.init(KEditorPlugin.java:620)
	at com.pat.tool.keditor.KEditorPlugin.start(KEditorPlugin.java:583)
	at org.eclipse.osgi.framework.internal.core.BundleContextImpl$1.run(BundleContextImpl.java:711)
	at java.security.AccessController.doPrivileged(Native Method)
	at org.eclipse.osgi.framework.internal.core.BundleContextImpl.startActivator(BundleContextImpl.java:702)
	at org.eclipse.osgi.framework.internal.core.BundleContextImpl.start(BundleContextImpl.java:683)
	at org.eclipse.osgi.framework.internal.core.BundleHost.startWorker(BundleHost.java:381)
	at org.eclipse.osgi.framework.internal.core.AbstractBundle.start(AbstractBundle.java:300)
	at org.eclipse.osgi.framework.util.SecureAction.start(SecureAction.java:440)
	at org.eclipse.osgi.internal.loader.BundleLoader.setLazyTrigger(BundleLoader.java:263)
	at org.eclipse.core.runtime.internal.adaptor.EclipseLazyStarter.postFindLocalClass(EclipseLazyStarter.java:107)
	at org.eclipse.osgi.baseadaptor.loader.ClasspathManager.findLocalClass(ClasspathManager.java:469)
	at org.eclipse.osgi.internal.baseadaptor.DefaultClassLoader.findLocalClass(DefaultClassLoader.java:216)
	at org.eclipse.osgi.internal.loader.BundleLoader.findLocalClass(BundleLoader.java:395)
	at org.eclipse.osgi.internal.loader.BundleLoader.findClassInternal(BundleLoader.java:464)
	at org.eclipse.osgi.internal.loader.BundleLoader.findClass(BundleLoader.java:421)
	at org.eclipse.osgi.internal.loader.BundleLoader.findClass(BundleLoader.java:412)
	at org.eclipse.osgi.internal.baseadaptor.DefaultClassLoader.loadClass(DefaultClassLoader.java:107)
	at java.lang.ClassLoader.loadClass(ClassLoader.java:358)
	at org.eclipse.osgi.internal.loader.BundleLoader.loadClass(BundleLoader.java:340)
	at org.eclipse.osgi.framework.internal.core.BundleHost.loadClass(BundleHost.java:229)
	at org.eclipse.osgi.framework.internal.core.AbstractBundle.loadClass(AbstractBundle.java:1212)
	at org.eclipse.core.internal.registry.osgi.RegistryStrategyOSGI.createExecutableExtension(RegistryStrategyOSGI.java:174)
	at org.eclipse.core.internal.registry.ExtensionRegistry.createExecutableExtension(ExtensionRegistry.java:905)
	at org.eclipse.core.internal.registry.ConfigurationElement.createExecutableExtension(ConfigurationElement.java:243)
	at org.eclipse.core.internal.registry.ConfigurationElementHandle.createExecutableExtension(ConfigurationElementHandle.java:55)
	at org.eclipse.equinox.internal.app.EclipseAppHandle.run(EclipseAppHandle.java:191)
	at org.eclipse.core.runtime.internal.adaptor.EclipseAppLauncher.runApplication(EclipseAppLauncher.java:110)
	at org.eclipse.core.runtime.internal.adaptor.EclipseAppLauncher.start(EclipseAppLauncher.java:79)
	at org.eclipse.core.runtime.adaptor.EclipseStarter.run(EclipseStarter.java:353)
	at org.eclipse.core.runtime.adaptor.EclipseStarter.run(EclipseStarter.java:180)
	at sun.reflect.NativeMethodAccessorImpl.invoke0(Native Method)
	at sun.reflect.NativeMethodAccessorImpl.invoke(NativeMethodAccessorImpl.java:57)
	at sun.reflect.DelegatingMethodAccessorImpl.invoke(DelegatingMethodAccessorImpl.java:43)
	at java.lang.reflect.Method.invoke(Method.java:606)
	at org.eclipse.equinox.launcher.Main.invokeFramework(Main.java:629)
	at org.eclipse.equinox.launcher.Main.basicRun(Main.java:584)
	at org.eclipse.equinox.launcher.Main.run(Main.java:1438)
	at org.eclipse.equinox.launcher.Main.main(Main.java:1414)
	at org.eclipse.core.launcher.Main.main(Main.java:34)
Caused by: java.lang.ClassNotFoundException: org.apache.log.format.Formatter
	at org.eclipse.osgi.internal.loader.BundleLoader.findClassInternal(BundleLoader.java:501)
	at org.eclipse.osgi.internal.loader.BundleLoader.findClass(BundleLoader.java:421)
	at org.eclipse.osgi.internal.loader.BundleLoader.findClass(BundleLoader.java:412)
	at org.eclipse.osgi.internal.baseadaptor.DefaultClassLoader.loadClass(DefaultClassLoader.java:107)
	at java.lang.ClassLoader.loadClass(ClassLoader.java:358)
	... 52 more
2014-02-26 16:56:18,054 - Trying to use logger class org.apache.velocity.runtime.log.Log4JLogChute
2014-02-26 16:56:18,054 - Using logger class org.apache.velocity.runtime.log.Log4JLogChute
2014-02-26 16:56:18,056 - Default ResourceManager initializing. (class org.apache.velocity.runtime.resource.ResourceManagerImpl)
2014-02-26 16:56:18,058 - ResourceLoader instantiated: org.apache.velocity.runtime.resource.loader.ClasspathResourceLoader
2014-02-26 16:56:18,067 - ResourceCache: initialized (class org.apache.velocity.runtime.resource.ResourceCacheImpl)
2014-02-26 16:56:18,067 - Loaded System Directive: org.apache.velocity.runtime.directive.Literal
2014-02-26 16:56:18,068 - Loaded System Directive: org.apache.velocity.runtime.directive.Macro
2014-02-26 16:56:18,069 - Loaded System Directive: org.apache.velocity.runtime.directive.Parse
2014-02-26 16:56:18,070 - Loaded System Directive: org.apache.velocity.runtime.directive.Include
2014-02-26 16:56:18,070 - Loaded System Directive: org.apache.velocity.runtime.directive.Foreach
2014-02-26 16:56:18,089 - Created '20' parsers.
2014-02-26 16:56:18,092 - Velocimacro : "velocimacro.library" is not set.  Trying default library: VM_global_library.vm
2014-02-26 16:56:18,122 - Velocimacro : Default library not found.
2014-02-26 16:56:18,122 - Velocimacro : allowInline = true : VMs can be defined inline in templates
2014-02-26 16:56:18,122 - Velocimacro : allowInlineToOverride = false : VMs defined inline may NOT replace previous VM definitions
2014-02-26 16:56:18,122 - Velocimacro : allowInlineLocal = false : VMs defined inline will be global in scope if allowed.
2014-02-26 16:56:18,122 - Velocimacro : autoload off : VM system will not automatically reload global library macros
2014-02-26 16:56:24,815 - ResourceManager : found tpjsmiddlewareerror.vm with loader org.apache.velocity.runtime.resource.loader.ClasspathResourceLoader
2014-02-26 16:56:24,816 - ResourceManager : found tpjssessionerror.vm with loader org.apache.velocity.runtime.resource.loader.ClasspathResourceLoader
2014-02-26 16:56:24,817 - ResourceManager : found tpjsapperror.vm with loader org.apache.velocity.runtime.resource.loader.ClasspathResourceLoader
2014-02-26 16:56:24,855 - ResourceManager : found tpjsmiddlewareinvoker.vm with loader org.apache.velocity.runtime.resource.loader.ClasspathResourceLoader
2014-02-26 16:56:24,858 - Left side ($palmpre) of '==' operation has null value. If a reference, it may not be in the context. Operation not possible. tpjsmiddlewareinvoker.vm [line 93, column 20]
2014-02-26 16:56:24,859 - Left side ($palmpre) of '==' operation has null value. If a reference, it may not be in the context. Operation not possible. tpjsmiddlewareinvoker.vm [line 172, column 20]
2014-02-26 16:56:24,859 - Left side ($palmpre) of '==' operation has null value. If a reference, it may not be in the context. Operation not possible. tpjsmiddlewareinvoker.vm [line 255, column 20]
2014-02-26 16:56:24,859 - Left side ($palmpre) of '==' operation has null value. If a reference, it may not be in the context. Operation not possible. tpjsmiddlewareinvoker.vm [line 326, column 20]
2014-02-26 16:56:24,860 - ResourceManager : found tpjscallfunc.vm with loader org.apache.velocity.runtime.resource.loader.ClasspathResourceLoader
2014-02-26 16:56:24,912 - ResourceManager : found tpjsstartup.vm with loader org.apache.velocity.runtime.resource.loader.ClasspathResourceLoader
2014-02-26 16:56:24,946 - ResourceManager : found tpjshybridstartupforspa.vm with loader org.apache.velocity.runtime.resource.loader.ClasspathResourceLoader
2014-02-26 16:56:24,962 - ResourceManager : found tpjswinmobilesequencecontainerglobals.vm with loader org.apache.velocity.runtime.resource.loader.ClasspathResourceLoader
2014-02-26 16:56:24,974 - ResourceManager : found tpjswinmobilesequence.vm with loader org.apache.velocity.runtime.resource.loader.ClasspathResourceLoader
2014-02-26 16:56:24,979 - ResourceManager : found tpjsappconfigfortc.vm with loader org.apache.velocity.runtime.resource.loader.ClasspathResourceLoader
2014-02-26 16:56:24,981 - ResourceManager : found customizederrorjsptemplate.vm with loader org.apache.velocity.runtime.resource.loader.ClasspathResourceLoader
2014-02-26 16:56:24,985 - ResourceManager : found tpspabasetemplateforjs.vm with loader org.apache.velocity.runtime.resource.loader.ClasspathResourceLoader
2014-02-26 16:56:24,987 - ResourceManager : found tpjsformglobalsforbb10.vm with loader org.apache.velocity.runtime.resource.loader.ClasspathResourceLoader
2014-02-26 16:56:25,026 - ResourceManager : found tpjsdefinetcplatforms.vm with loader org.apache.velocity.runtime.resource.loader.ClasspathResourceLoader
2014-02-26 16:56:25,032 - ResourceManager : found tpjsbegincontainer.vm with loader org.apache.velocity.runtime.resource.loader.ClasspathResourceLoader
2014-02-26 16:56:25,038 - ResourceManager : found tpjsprocessattrbs.vm with loader org.apache.velocity.runtime.resource.loader.ClasspathResourceLoader
2014-02-26 16:56:25,042 - ResourceManager : found tpjsattributes.vm with loader org.apache.velocity.runtime.resource.loader.ClasspathResourceLoader
2014-02-26 16:56:25,070 - ResourceManager : found tpjsgenericwidgettemplate.vm with loader org.apache.velocity.runtime.resource.loader.ClasspathResourceLoader
2014-02-26 16:56:25,072 - ResourceManager : found tpjsplatformwidgetheader.vm with loader org.apache.velocity.runtime.resource.loader.ClasspathResourceLoader
2014-02-26 16:56:25,073 - RHS of #set statement is null. Context will not be modified. tpjsplatformwidgetheader.vm [line 15, column 1]
2014-02-26 16:56:25,074 - Left side ($iscontextmenu) of '==' operation has null value. If a reference, it may not be in the context. Operation not possible. tpjsgenericwidgettemplate.vm [line 15, column 22]
2014-02-26 16:56:25,075 - ResourceManager : found tpjsbasicmasterform.vm with loader org.apache.velocity.runtime.resource.loader.ClasspathResourceLoader
2014-02-26 16:56:25,077 - ResourceManager : found tpjslayoutmasterform.vm with loader org.apache.velocity.runtime.resource.loader.ClasspathResourceLoader
2014-02-26 16:56:25,079 - ResourceManager : found tpjsplatformmasterform.vm with loader org.apache.velocity.runtime.resource.loader.ClasspathResourceLoader
2014-02-26 16:56:25,080 - ResourceManager : found tpjsplatformwidgetfooter.vm with loader org.apache.velocity.runtime.resource.loader.ClasspathResourceLoader
2014-02-26 16:56:25,104 - ResourceManager : found tpjsmenuitem.vm with loader org.apache.velocity.runtime.resource.loader.ClasspathResourceLoader
2014-02-26 16:56:25,105 - Left side ($override) of '==' operation has null value. If a reference, it may not be in the context. Operation not possible. tpjsmenuitem.vm [line 3, column 17]
2014-02-26 16:56:25,105 - RHS of #set statement is null. Context will not be modified. tpjsplatformwidgetheader.vm [line 2, column 1]
2014-02-26 16:56:25,105 - RHS of #set statement is null. Context will not be modified. tpjsplatformwidgetheader.vm [line 4, column 8]
2014-02-26 16:56:25,105 - Left side ($override) of '==' operation has null value. If a reference, it may not be in the context. Operation not possible. tpjsmenuitem.vm [line 3, column 17]
2014-02-26 16:56:25,105 - RHS of #set statement is null. Context will not be modified. tpjsplatformwidgetheader.vm [line 2, column 1]
2014-02-26 16:56:25,105 - RHS of #set statement is null. Context will not be modified. tpjsplatformwidgetheader.vm [line 4, column 8]
2014-02-26 16:56:25,105 - Left side ($override) of '==' operation has null value. If a reference, it may not be in the context. Operation not possible. tpjsmenuitem.vm [line 3, column 17]
2014-02-26 16:56:25,105 - RHS of #set statement is null. Context will not be modified. tpjsplatformwidgetheader.vm [line 2, column 1]
2014-02-26 16:56:25,105 - RHS of #set statement is null. Context will not be modified. tpjsplatformwidgetheader.vm [line 4, column 8]
2014-02-26 16:56:25,106 - Left side ($override) of '==' operation has null value. If a reference, it may not be in the context. Operation not possible. tpjsmenuitem.vm [line 3, column 17]
2014-02-26 16:56:25,106 - RHS of #set statement is null. Context will not be modified. tpjsplatformwidgetheader.vm [line 2, column 1]
2014-02-26 16:56:25,106 - RHS of #set statement is null. Context will not be modified. tpjsplatformwidgetheader.vm [line 4, column 8]
2014-02-26 16:56:25,106 - Left side ($override) of '==' operation has null value. If a reference, it may not be in the context. Operation not possible. tpjsmenuitem.vm [line 3, column 17]
2014-02-26 16:56:25,106 - RHS of #set statement is null. Context will not be modified. tpjsplatformwidgetheader.vm [line 2, column 1]
2014-02-26 16:56:25,106 - RHS of #set statement is null. Context will not be modified. tpjsplatformwidgetheader.vm [line 4, column 8]
2014-02-26 16:56:25,106 - Left side ($override) of '==' operation has null value. If a reference, it may not be in the context. Operation not possible. tpjsmenuitem.vm [line 3, column 17]
2014-02-26 16:56:25,107 - RHS of #set statement is null. Context will not be modified. tpjsplatformwidgetheader.vm [line 2, column 1]
2014-02-26 16:56:25,107 - RHS of #set statement is null. Context will not be modified. tpjsplatformwidgetheader.vm [line 4, column 8]
2014-02-26 16:56:25,107 - Left side ($override) of '==' operation has null value. If a reference, it may not be in the context. Operation not possible. tpjsmenuitem.vm [line 3, column 17]
2014-02-26 16:56:25,107 - RHS of #set statement is null. Context will not be modified. tpjsplatformwidgetheader.vm [line 2, column 1]
2014-02-26 16:56:25,107 - RHS of #set statement is null. Context will not be modified. tpjsplatformwidgetheader.vm [line 4, column 8]
2014-02-26 16:56:25,107 - Left side ($override) of '==' operation has null value. If a reference, it may not be in the context. Operation not possible. tpjsmenuitem.vm [line 3, column 17]
2014-02-26 16:56:25,107 - RHS of #set statement is null. Context will not be modified. tpjsplatformwidgetheader.vm [line 2, column 1]
2014-02-26 16:56:25,107 - RHS of #set statement is null. Context will not be modified. tpjsplatformwidgetheader.vm [line 4, column 8]
2014-02-26 16:56:25,114 - ResourceManager : found tpjsendcontainer.vm with loader org.apache.velocity.runtime.resource.loader.ClasspathResourceLoader
2014-02-26 16:56:25,117 - ResourceManager : found tpjsformaddfunctionheader.vm with loader org.apache.velocity.runtime.resource.loader.ClasspathResourceLoader
2014-02-26 16:56:25,121 - ResourceManager : found tpjsinvokeaddwidgetsofcontainers.vm with loader org.apache.velocity.runtime.resource.loader.ClasspathResourceLoader
2014-02-26 16:56:25,123 - ResourceManager : found tpjsformwidgetsadd.vm with loader org.apache.velocity.runtime.resource.loader.ClasspathResourceLoader
2014-02-26 16:56:25,123 - RHS of #set statement is null. Context will not be modified. tpjsplatformwidgetheader.vm [line 15, column 1]
2014-02-26 16:56:25,125 - RHS of #set statement is null. Context will not be modified. tpjsplatformwidgetheader.vm [line 15, column 1]
2014-02-26 16:56:25,125 - ResourceManager : found tpjsifdefend.vm with loader org.apache.velocity.runtime.resource.loader.ClasspathResourceLoader
2014-02-26 16:56:25,128 - ResourceManager : found tpjsrenderedoffformglobals.vm with loader org.apache.velocity.runtime.resource.loader.ClasspathResourceLoader
2014-02-26 16:56:26,191 - ResourceManager : found tpjsskinreferences.vm with loader org.apache.velocity.runtime.resource.loader.ClasspathResourceLoader
2014-02-26 16:56:26,195 - ResourceManager : found tpjsskinglobalsforbb10.vm with loader org.apache.velocity.runtime.resource.loader.ClasspathResourceLoader
2014-02-26 16:56:26,291 - ResourceManager : found tpjsonthemes.vm with loader org.apache.velocity.runtime.resource.loader.ClasspathResourceLoader
2014-02-26 17:17:36,849 - Log4JLogChute initialized using file 'velocity.log'
2014-02-26 17:17:36,850 - Starting Apache Velocity v1.5 (compiled: 2007-02-22 08:52:29)
2014-02-26 17:17:36,850 - Default Properties File: org/apache/velocity/runtime/defaults/velocity.properties
2014-02-26 17:17:36,850 - Trying to use logger class org.apache.velocity.runtime.log.AvalonLogChute
2014-02-26 17:17:36,850 - Couldn't find class org.apache.velocity.runtime.log.AvalonLogChute or necessary supporting classes in classpath.
java.lang.NoClassDefFoundError: org/apache/log/format/Formatter
	at java.lang.Class.forName0(Native Method)
	at java.lang.Class.forName(Class.java:270)
	at org.apache.velocity.util.ClassUtils.getClass(ClassUtils.java:63)
	at org.apache.velocity.util.ClassUtils.getNewInstance(ClassUtils.java:95)
	at org.apache.velocity.runtime.log.LogManager.createLogChute(LogManager.java:147)
	at org.apache.velocity.runtime.log.LogManager.updateLog(LogManager.java:208)
	at org.apache.velocity.runtime.RuntimeInstance.initializeLog(RuntimeInstance.java:728)
	at org.apache.velocity.runtime.RuntimeInstance.init(RuntimeInstance.java:240)
	at org.apache.velocity.runtime.RuntimeInstance.init(RuntimeInstance.java:534)
	at org.apache.velocity.runtime.RuntimeSingleton.init(RuntimeSingleton.java:227)
	at org.apache.velocity.app.Velocity.init(Velocity.java:111)
	at com.kony.tool.templateprovider.VelocityTemplateProvider.<clinit>(VelocityTemplateProvider.java:53)
	at com.pat.tool.keditor.KEditorPlugin.init(KEditorPlugin.java:620)
	at com.pat.tool.keditor.KEditorPlugin.start(KEditorPlugin.java:583)
	at org.eclipse.osgi.framework.internal.core.BundleContextImpl$1.run(BundleContextImpl.java:711)
	at java.security.AccessController.doPrivileged(Native Method)
	at org.eclipse.osgi.framework.internal.core.BundleContextImpl.startActivator(BundleContextImpl.java:702)
	at org.eclipse.osgi.framework.internal.core.BundleContextImpl.start(BundleContextImpl.java:683)
	at org.eclipse.osgi.framework.internal.core.BundleHost.startWorker(BundleHost.java:381)
	at org.eclipse.osgi.framework.internal.core.AbstractBundle.start(AbstractBundle.java:300)
	at org.eclipse.osgi.framework.util.SecureAction.start(SecureAction.java:440)
	at org.eclipse.osgi.internal.loader.BundleLoader.setLazyTrigger(BundleLoader.java:263)
	at org.eclipse.core.runtime.internal.adaptor.EclipseLazyStarter.postFindLocalClass(EclipseLazyStarter.java:107)
	at org.eclipse.osgi.baseadaptor.loader.ClasspathManager.findLocalClass(ClasspathManager.java:469)
	at org.eclipse.osgi.internal.baseadaptor.DefaultClassLoader.findLocalClass(DefaultClassLoader.java:216)
	at org.eclipse.osgi.internal.loader.BundleLoader.findLocalClass(BundleLoader.java:395)
	at org.eclipse.osgi.internal.loader.BundleLoader.findClassInternal(BundleLoader.java:464)
	at org.eclipse.osgi.internal.loader.BundleLoader.findClass(BundleLoader.java:421)
	at org.eclipse.osgi.internal.loader.BundleLoader.findClass(BundleLoader.java:412)
	at org.eclipse.osgi.internal.baseadaptor.DefaultClassLoader.loadClass(DefaultClassLoader.java:107)
	at java.lang.ClassLoader.loadClass(ClassLoader.java:358)
	at org.eclipse.osgi.internal.loader.BundleLoader.loadClass(BundleLoader.java:340)
	at org.eclipse.osgi.framework.internal.core.BundleHost.loadClass(BundleHost.java:229)
	at org.eclipse.osgi.framework.internal.core.AbstractBundle.loadClass(AbstractBundle.java:1212)
	at org.eclipse.core.internal.registry.osgi.RegistryStrategyOSGI.createExecutableExtension(RegistryStrategyOSGI.java:174)
	at org.eclipse.core.internal.registry.ExtensionRegistry.createExecutableExtension(ExtensionRegistry.java:905)
	at org.eclipse.core.internal.registry.ConfigurationElement.createExecutableExtension(ConfigurationElement.java:243)
	at org.eclipse.core.internal.registry.ConfigurationElementHandle.createExecutableExtension(ConfigurationElementHandle.java:55)
	at org.eclipse.equinox.internal.app.EclipseAppHandle.run(EclipseAppHandle.java:191)
	at org.eclipse.core.runtime.internal.adaptor.EclipseAppLauncher.runApplication(EclipseAppLauncher.java:110)
	at org.eclipse.core.runtime.internal.adaptor.EclipseAppLauncher.start(EclipseAppLauncher.java:79)
	at org.eclipse.core.runtime.adaptor.EclipseStarter.run(EclipseStarter.java:353)
	at org.eclipse.core.runtime.adaptor.EclipseStarter.run(EclipseStarter.java:180)
	at sun.reflect.NativeMethodAccessorImpl.invoke0(Native Method)
	at sun.reflect.NativeMethodAccessorImpl.invoke(NativeMethodAccessorImpl.java:57)
	at sun.reflect.DelegatingMethodAccessorImpl.invoke(DelegatingMethodAccessorImpl.java:43)
	at java.lang.reflect.Method.invoke(Method.java:606)
	at org.eclipse.equinox.launcher.Main.invokeFramework(Main.java:629)
	at org.eclipse.equinox.launcher.Main.basicRun(Main.java:584)
	at org.eclipse.equinox.launcher.Main.run(Main.java:1438)
	at org.eclipse.equinox.launcher.Main.main(Main.java:1414)
	at org.eclipse.core.launcher.Main.main(Main.java:34)
Caused by: java.lang.ClassNotFoundException: org.apache.log.format.Formatter
	at org.eclipse.osgi.internal.loader.BundleLoader.findClassInternal(BundleLoader.java:501)
	at org.eclipse.osgi.internal.loader.BundleLoader.findClass(BundleLoader.java:421)
	at org.eclipse.osgi.internal.loader.BundleLoader.findClass(BundleLoader.java:412)
	at org.eclipse.osgi.internal.baseadaptor.DefaultClassLoader.loadClass(DefaultClassLoader.java:107)
	at java.lang.ClassLoader.loadClass(ClassLoader.java:358)
	... 52 more
2014-02-26 17:17:36,852 - Trying to use logger class org.apache.velocity.runtime.log.Log4JLogChute
2014-02-26 17:17:36,852 - Using logger class org.apache.velocity.runtime.log.Log4JLogChute
2014-02-26 17:17:36,854 - Default ResourceManager initializing. (class org.apache.velocity.runtime.resource.ResourceManagerImpl)
2014-02-26 17:17:36,855 - ResourceLoader instantiated: org.apache.velocity.runtime.resource.loader.ClasspathResourceLoader
2014-02-26 17:17:36,868 - ResourceCache: initialized (class org.apache.velocity.runtime.resource.ResourceCacheImpl)
2014-02-26 17:17:36,869 - Loaded System Directive: org.apache.velocity.runtime.directive.Literal
2014-02-26 17:17:36,870 - Loaded System Directive: org.apache.velocity.runtime.directive.Macro
2014-02-26 17:17:36,871 - Loaded System Directive: org.apache.velocity.runtime.directive.Parse
2014-02-26 17:17:36,872 - Loaded System Directive: org.apache.velocity.runtime.directive.Include
2014-02-26 17:17:36,872 - Loaded System Directive: org.apache.velocity.runtime.directive.Foreach
2014-02-26 17:17:36,900 - Created '20' parsers.
2014-02-26 17:17:36,907 - Velocimacro : "velocimacro.library" is not set.  Trying default library: VM_global_library.vm
2014-02-26 17:17:36,941 - Velocimacro : Default library not found.
2014-02-26 17:17:36,941 - Velocimacro : allowInline = true : VMs can be defined inline in templates
2014-02-26 17:17:36,941 - Velocimacro : allowInlineToOverride = false : VMs defined inline may NOT replace previous VM definitions
2014-02-26 17:17:36,941 - Velocimacro : allowInlineLocal = false : VMs defined inline will be global in scope if allowed.
2014-02-26 17:17:36,941 - Velocimacro : autoload off : VM system will not automatically reload global library macros
2014-02-26 17:17:43,231 - ResourceManager : found tpjsmiddlewareerror.vm with loader org.apache.velocity.runtime.resource.loader.ClasspathResourceLoader
2014-02-26 17:17:43,231 - ResourceManager : found tpjssessionerror.vm with loader org.apache.velocity.runtime.resource.loader.ClasspathResourceLoader
2014-02-26 17:17:43,232 - ResourceManager : found tpjsapperror.vm with loader org.apache.velocity.runtime.resource.loader.ClasspathResourceLoader
2014-02-26 17:17:43,257 - ResourceManager : found tpjsmiddlewareinvoker.vm with loader org.apache.velocity.runtime.resource.loader.ClasspathResourceLoader
2014-02-26 17:17:43,259 - Left side ($palmpre) of '==' operation has null value. If a reference, it may not be in the context. Operation not possible. tpjsmiddlewareinvoker.vm [line 93, column 20]
2014-02-26 17:17:43,259 - Left side ($palmpre) of '==' operation has null value. If a reference, it may not be in the context. Operation not possible. tpjsmiddlewareinvoker.vm [line 172, column 20]
2014-02-26 17:17:43,260 - Left side ($palmpre) of '==' operation has null value. If a reference, it may not be in the context. Operation not possible. tpjsmiddlewareinvoker.vm [line 255, column 20]
2014-02-26 17:17:43,260 - Left side ($palmpre) of '==' operation has null value. If a reference, it may not be in the context. Operation not possible. tpjsmiddlewareinvoker.vm [line 326, column 20]
2014-02-26 17:17:43,260 - ResourceManager : found tpjscallfunc.vm with loader org.apache.velocity.runtime.resource.loader.ClasspathResourceLoader
2014-02-26 17:17:43,305 - ResourceManager : found tpjsstartup.vm with loader org.apache.velocity.runtime.resource.loader.ClasspathResourceLoader
2014-02-26 17:17:43,322 - ResourceManager : found tpjshybridstartupforspa.vm with loader org.apache.velocity.runtime.resource.loader.ClasspathResourceLoader
2014-02-26 17:17:43,333 - ResourceManager : found tpjswinmobilesequencecontainerglobals.vm with loader org.apache.velocity.runtime.resource.loader.ClasspathResourceLoader
2014-02-26 17:17:43,340 - ResourceManager : found tpjswinmobilesequence.vm with loader org.apache.velocity.runtime.resource.loader.ClasspathResourceLoader
2014-02-26 17:17:43,343 - ResourceManager : found tpjsappconfigfortc.vm with loader org.apache.velocity.runtime.resource.loader.ClasspathResourceLoader
2014-02-26 17:17:43,344 - ResourceManager : found customizederrorjsptemplate.vm with loader org.apache.velocity.runtime.resource.loader.ClasspathResourceLoader
2014-02-26 17:17:43,346 - ResourceManager : found tpspabasetemplateforjs.vm with loader org.apache.velocity.runtime.resource.loader.ClasspathResourceLoader
2014-02-26 17:17:43,346 - ResourceManager : found tpjsformglobalsforbb10.vm with loader org.apache.velocity.runtime.resource.loader.ClasspathResourceLoader
2014-02-26 17:17:43,374 - ResourceManager : found tpjsdefinetcplatforms.vm with loader org.apache.velocity.runtime.resource.loader.ClasspathResourceLoader
2014-02-26 17:17:43,378 - ResourceManager : found tpjsbegincontainer.vm with loader org.apache.velocity.runtime.resource.loader.ClasspathResourceLoader
2014-02-26 17:17:43,383 - ResourceManager : found tpjsprocessattrbs.vm with loader org.apache.velocity.runtime.resource.loader.ClasspathResourceLoader
2014-02-26 17:17:43,387 - ResourceManager : found tpjsattributes.vm with loader org.apache.velocity.runtime.resource.loader.ClasspathResourceLoader
2014-02-26 17:17:43,404 - ResourceManager : found tpjsgenericwidgettemplate.vm with loader org.apache.velocity.runtime.resource.loader.ClasspathResourceLoader
2014-02-26 17:17:43,406 - ResourceManager : found tpjsplatformwidgetheader.vm with loader org.apache.velocity.runtime.resource.loader.ClasspathResourceLoader
2014-02-26 17:17:43,408 - RHS of #set statement is null. Context will not be modified. tpjsplatformwidgetheader.vm [line 15, column 1]
2014-02-26 17:17:43,408 - Left side ($iscontextmenu) of '==' operation has null value. If a reference, it may not be in the context. Operation not possible. tpjsgenericwidgettemplate.vm [line 15, column 22]
2014-02-26 17:17:43,409 - ResourceManager : found tpjsbasicmasterform.vm with loader org.apache.velocity.runtime.resource.loader.ClasspathResourceLoader
2014-02-26 17:17:43,410 - ResourceManager : found tpjslayoutmasterform.vm with loader org.apache.velocity.runtime.resource.loader.ClasspathResourceLoader
2014-02-26 17:17:43,411 - ResourceManager : found tpjsplatformmasterform.vm with loader org.apache.velocity.runtime.resource.loader.ClasspathResourceLoader
2014-02-26 17:17:43,412 - ResourceManager : found tpjsplatformwidgetfooter.vm with loader org.apache.velocity.runtime.resource.loader.ClasspathResourceLoader
2014-02-26 17:17:43,428 - ResourceManager : found tpjsmenuitem.vm with loader org.apache.velocity.runtime.resource.loader.ClasspathResourceLoader
2014-02-26 17:17:43,429 - Left side ($override) of '==' operation has null value. If a reference, it may not be in the context. Operation not possible. tpjsmenuitem.vm [line 3, column 17]
2014-02-26 17:17:43,429 - RHS of #set statement is null. Context will not be modified. tpjsplatformwidgetheader.vm [line 2, column 1]
2014-02-26 17:17:43,429 - RHS of #set statement is null. Context will not be modified. tpjsplatformwidgetheader.vm [line 4, column 8]
2014-02-26 17:17:43,429 - Left side ($override) of '==' operation has null value. If a reference, it may not be in the context. Operation not possible. tpjsmenuitem.vm [line 3, column 17]
2014-02-26 17:17:43,429 - RHS of #set statement is null. Context will not be modified. tpjsplatformwidgetheader.vm [line 2, column 1]
2014-02-26 17:17:43,429 - RHS of #set statement is null. Context will not be modified. tpjsplatformwidgetheader.vm [line 4, column 8]
2014-02-26 17:17:43,429 - Left side ($override) of '==' operation has null value. If a reference, it may not be in the context. Operation not possible. tpjsmenuitem.vm [line 3, column 17]
2014-02-26 17:17:43,429 - RHS of #set statement is null. Context will not be modified. tpjsplatformwidgetheader.vm [line 2, column 1]
2014-02-26 17:17:43,429 - RHS of #set statement is null. Context will not be modified. tpjsplatformwidgetheader.vm [line 4, column 8]
2014-02-26 17:17:43,429 - Left side ($override) of '==' operation has null value. If a reference, it may not be in the context. Operation not possible. tpjsmenuitem.vm [line 3, column 17]
2014-02-26 17:17:43,429 - RHS of #set statement is null. Context will not be modified. tpjsplatformwidgetheader.vm [line 2, column 1]
2014-02-26 17:17:43,429 - RHS of #set statement is null. Context will not be modified. tpjsplatformwidgetheader.vm [line 4, column 8]
2014-02-26 17:17:43,430 - Left side ($override) of '==' operation has null value. If a reference, it may not be in the context. Operation not possible. tpjsmenuitem.vm [line 3, column 17]
2014-02-26 17:17:43,430 - RHS of #set statement is null. Context will not be modified. tpjsplatformwidgetheader.vm [line 2, column 1]
2014-02-26 17:17:43,430 - RHS of #set statement is null. Context will not be modified. tpjsplatformwidgetheader.vm [line 4, column 8]
2014-02-26 17:17:43,430 - Left side ($override) of '==' operation has null value. If a reference, it may not be in the context. Operation not possible. tpjsmenuitem.vm [line 3, column 17]
2014-02-26 17:17:43,430 - RHS of #set statement is null. Context will not be modified. tpjsplatformwidgetheader.vm [line 2, column 1]
2014-02-26 17:17:43,430 - RHS of #set statement is null. Context will not be modified. tpjsplatformwidgetheader.vm [line 4, column 8]
2014-02-26 17:17:43,430 - Left side ($override) of '==' operation has null value. If a reference, it may not be in the context. Operation not possible. tpjsmenuitem.vm [line 3, column 17]
2014-02-26 17:17:43,430 - RHS of #set statement is null. Context will not be modified. tpjsplatformwidgetheader.vm [line 2, column 1]
2014-02-26 17:17:43,430 - RHS of #set statement is null. Context will not be modified. tpjsplatformwidgetheader.vm [line 4, column 8]
2014-02-26 17:17:43,430 - Left side ($override) of '==' operation has null value. If a reference, it may not be in the context. Operation not possible. tpjsmenuitem.vm [line 3, column 17]
2014-02-26 17:17:43,430 - RHS of #set statement is null. Context will not be modified. tpjsplatformwidgetheader.vm [line 2, column 1]
2014-02-26 17:17:43,431 - RHS of #set statement is null. Context will not be modified. tpjsplatformwidgetheader.vm [line 4, column 8]
2014-02-26 17:17:43,434 - ResourceManager : found tpjsendcontainer.vm with loader org.apache.velocity.runtime.resource.loader.ClasspathResourceLoader
2014-02-26 17:17:43,436 - ResourceManager : found tpjsformaddfunctionheader.vm with loader org.apache.velocity.runtime.resource.loader.ClasspathResourceLoader
2014-02-26 17:17:43,438 - ResourceManager : found tpjsinvokeaddwidgetsofcontainers.vm with loader org.apache.velocity.runtime.resource.loader.ClasspathResourceLoader
2014-02-26 17:17:43,439 - ResourceManager : found tpjsformwidgetsadd.vm with loader org.apache.velocity.runtime.resource.loader.ClasspathResourceLoader
2014-02-26 17:17:43,439 - RHS of #set statement is null. Context will not be modified. tpjsplatformwidgetheader.vm [line 15, column 1]
2014-02-26 17:17:43,440 - RHS of #set statement is null. Context will not be modified. tpjsplatformwidgetheader.vm [line 15, column 1]
2014-02-26 17:17:43,441 - ResourceManager : found tpjsifdefend.vm with loader org.apache.velocity.runtime.resource.loader.ClasspathResourceLoader
2014-02-26 17:17:43,443 - ResourceManager : found tpjsrenderedoffformglobals.vm with loader org.apache.velocity.runtime.resource.loader.ClasspathResourceLoader
2014-02-26 17:17:44,023 - ResourceManager : found tpjsskinreferences.vm with loader org.apache.velocity.runtime.resource.loader.ClasspathResourceLoader
2014-02-26 17:17:44,027 - ResourceManager : found tpjsskinglobalsforbb10.vm with loader org.apache.velocity.runtime.resource.loader.ClasspathResourceLoader
2014-02-26 17:17:44,113 - ResourceManager : found tpjsonthemes.vm with loader org.apache.velocity.runtime.resource.loader.ClasspathResourceLoader
